[2013-06-14 13:12:01] request.INFO: Matched route "fenchy_frontend_homepage" (parameters: "_controller": "Fenchy\FrontendBundle\Controller\FrontendController::indexv2Action", "_route": "fenchy_frontend_homepage") [] []
[2013-06-14 13:12:02] security.INFO: Populated SecurityContext with an anonymous Token [] []
[2013-06-14 13:12:03] request.CRITICAL: PDOException: SQLSTATE[08006] [7] FATAL:  Datenbank »fenchy« existiert nicht (uncaught exception) at C:\xampp\htdocs\fenchy\trunk\vendor\doctrine\dbal\lib\Doctrine\DBAL\Driver\PDOConnection.php line 36 [] []
[2013-06-14 13:12:04] security.DEBUG: Write SecurityContext in the session [] []
[2013-06-14 13:48:56] request.ERROR: Symfony\Component\HttpKernel\Exception\NotFoundHttpException: No route found for "GET /uploads/images/6/medium/517e2a07e37fb0.jpeg" (uncaught exception) at C:\xampp\htdocs\fenchy\trunk\vendor\symfony\symfony\src\Symfony\Component\HttpKernel\EventListener\RouterListener.php line 92 [] []
[2013-06-14 13:48:56] request.ERROR: Symfony\Component\HttpKernel\Exception\NotFoundHttpException: No route found for "GET /uploads/images/5/medium/517e29877a76e0.jpeg" (uncaught exception) at C:\xampp\htdocs\fenchy\trunk\vendor\symfony\symfony\src\Symfony\Component\HttpKernel\EventListener\RouterListener.php line 92 [] []
[2013-06-14 13:48:56] request.ERROR: Symfony\Component\HttpKernel\Exception\NotFoundHttpException: No route found for "GET /uploads/images/8/medium/517e2a99c1fc50.jpeg" (uncaught exception) at C:\xampp\htdocs\fenchy\trunk\vendor\symfony\symfony\src\Symfony\Component\HttpKernel\EventListener\RouterListener.php line 92 [] []
[2013-06-14 13:48:56] request.ERROR: Symfony\Component\HttpKernel\Exception\NotFoundHttpException: No route found for "GET /uploads/images/7/medium/517e2a554f6460.jpeg" (uncaught exception) at C:\xampp\htdocs\fenchy\trunk\vendor\symfony\symfony\src\Symfony\Component\HttpKernel\EventListener\RouterListener.php line 92 [] []
[2013-06-14 13:49:27] request.ERROR: Symfony\Component\HttpKernel\Exception\NotFoundHttpException: No route found for "GET /uploads/images/7/medium/517e2a554f6460.jpeg" (uncaught exception) at C:\xampp\htdocs\fenchy\trunk\app\cache\prod\classes.php line 5080 [] []
[2013-06-14 13:49:27] request.ERROR: Symfony\Component\HttpKernel\Exception\NotFoundHttpException: No route found for "GET /uploads/images/5/medium/517e29877a76e0.jpeg" (uncaught exception) at C:\xampp\htdocs\fenchy\trunk\app\cache\prod\classes.php line 5080 [] []
[2013-06-14 13:49:27] request.ERROR: Symfony\Component\HttpKernel\Exception\NotFoundHttpException: No route found for "GET /uploads/images/6/medium/517e2a07e37fb0.jpeg" (uncaught exception) at C:\xampp\htdocs\fenchy\trunk\app\cache\prod\classes.php line 5080 [] []
[2013-06-14 13:49:27] request.ERROR: Symfony\Component\HttpKernel\Exception\NotFoundHttpException: No route found for "GET /uploads/images/8/medium/517e2a99c1fc50.jpeg" (uncaught exception) at C:\xampp\htdocs\fenchy\trunk\app\cache\prod\classes.php line 5080 [] []
[2013-06-14 13:51:53] request.ERROR: Symfony\Component\HttpKernel\Exception\NotFoundHttpException: No route found for "GET /uploads/images/5/medium/517e29877a76e0.jpeg" (uncaught exception) at C:\xampp\htdocs\fenchy\trunk\app\cache\prod\classes.php line 5080 [] []
[2013-06-14 13:51:53] request.ERROR: Symfony\Component\HttpKernel\Exception\NotFoundHttpException: No route found for "GET /uploads/images/8/medium/517e2a99c1fc50.jpeg" (uncaught exception) at C:\xampp\htdocs\fenchy\trunk\app\cache\prod\classes.php line 5080 [] []
[2013-06-14 13:51:53] request.ERROR: Symfony\Component\HttpKernel\Exception\NotFoundHttpException: No route found for "GET /uploads/images/6/medium/517e2a07e37fb0.jpeg" (uncaught exception) at C:\xampp\htdocs\fenchy\trunk\app\cache\prod\classes.php line 5080 [] []
[2013-06-14 13:51:53] request.ERROR: Symfony\Component\HttpKernel\Exception\NotFoundHttpException: No route found for "GET /uploads/images/7/medium/517e2a554f6460.jpeg" (uncaught exception) at C:\xampp\htdocs\fenchy\trunk\app\cache\prod\classes.php line 5080 [] []
[2013-06-18 14:18:12] request.ERROR: Symfony\Component\HttpKernel\Exception\NotFoundHttpException: No route found for "GET /uploads/images/5/medium/517e29877a76e0.jpeg" (uncaught exception) at C:\xampp\htdocs\fenchy\trunk\app\cache\prod\classes.php line 5080 [] []
[2013-06-18 14:18:13] request.ERROR: Symfony\Component\HttpKernel\Exception\NotFoundHttpException: No route found for "GET /uploads/images/7/medium/517e2a554f6460.jpeg" (uncaught exception) at C:\xampp\htdocs\fenchy\trunk\app\cache\prod\classes.php line 5080 [] []
[2013-06-18 14:18:52] request.ERROR: Symfony\Component\HttpKernel\Exception\NotFoundHttpException: No route found for "GET /uploads/images/8/medium/517e2a99c1fc50.jpeg" (uncaught exception) at C:\xampp\htdocs\fenchy\trunk\app\cache\prod\classes.php line 5080 [] []
[2013-06-18 14:18:52] request.ERROR: Symfony\Component\HttpKernel\Exception\NotFoundHttpException: No route found for "GET /uploads/images/7/medium/517e2a554f6460.jpeg" (uncaught exception) at C:\xampp\htdocs\fenchy\trunk\app\cache\prod\classes.php line 5080 [] []
[2013-06-18 14:18:53] request.ERROR: Symfony\Component\HttpKernel\Exception\NotFoundHttpException: No route found for "GET /uploads/images/5/medium/517e29877a76e0.jpeg" (uncaught exception) at C:\xampp\htdocs\fenchy\trunk\app\cache\prod\classes.php line 5080 [] []
[2013-06-18 14:18:53] request.ERROR: Symfony\Component\HttpKernel\Exception\NotFoundHttpException: No route found for "GET /uploads/images/6/medium/517e2a07e37fb0.jpeg" (uncaught exception) at C:\xampp\htdocs\fenchy\trunk\app\cache\prod\classes.php line 5080 [] []
[2013-06-18 16:22:29] request.ERROR: Symfony\Component\HttpKernel\Exception\NotFoundHttpException: No route found for "GET /uploads/images/7/medium/517e2a554f6460.jpeg" (uncaught exception) at C:\xampp\htdocs\fenchy\trunk\app\cache\prod\classes.php line 5080 [] []
[2013-06-18 16:22:29] request.ERROR: Symfony\Component\HttpKernel\Exception\NotFoundHttpException: No route found for "GET /uploads/images/5/medium/517e29877a76e0.jpeg" (uncaught exception) at C:\xampp\htdocs\fenchy\trunk\app\cache\prod\classes.php line 5080 [] []
[2013-06-19 08:35:20] request.ERROR: Symfony\Component\HttpKernel\Exception\NotFoundHttpException: No route found for "GET /uploads/images/7/medium/517e2a554f6460.jpeg" (uncaught exception) at C:\xampp\htdocs\fenchy\trunk\app\cache\prod\classes.php line 5080 [] []
[2013-06-19 08:35:20] request.ERROR: Symfony\Component\HttpKernel\Exception\NotFoundHttpException: No route found for "GET /uploads/images/6/medium/517e2a07e37fb0.jpeg" (uncaught exception) at C:\xampp\htdocs\fenchy\trunk\app\cache\prod\classes.php line 5080 [] []
[2013-06-19 08:35:24] request.ERROR: Symfony\Component\HttpKernel\Exception\NotFoundHttpException: No route found for "GET /uploads/images/5/medium/517e29877a76e0.jpeg" (uncaught exception) at C:\xampp\htdocs\fenchy\trunk\app\cache\prod\classes.php line 5080 [] []
[2013-06-19 08:35:27] request.ERROR: Symfony\Component\HttpKernel\Exception\NotFoundHttpException: No route found for "GET /uploads/images/6/medium/517e2a07e37fb0.jpeg" (uncaught exception) at C:\xampp\htdocs\fenchy\trunk\app\cache\prod\classes.php line 5080 [] []
[2013-06-19 08:35:27] request.ERROR: Symfony\Component\HttpKernel\Exception\NotFoundHttpException: No route found for "GET /uploads/images/8/medium/517e2a99c1fc50.jpeg" (uncaught exception) at C:\xampp\htdocs\fenchy\trunk\app\cache\prod\classes.php line 5080 [] []
[2013-06-19 08:35:28] request.ERROR: Symfony\Component\HttpKernel\Exception\NotFoundHttpException: No route found for "GET /uploads/images/7/medium/517e2a554f6460.jpeg" (uncaught exception) at C:\xampp\htdocs\fenchy\trunk\app\cache\prod\classes.php line 5080 [] []
[2013-06-19 13:03:50] request.ERROR: Symfony\Component\HttpKernel\Exception\NotFoundHttpException: No route found for "GET /uploads/images/5/medium/517e29877a76e0.jpeg" (uncaught exception) at C:\xampp\htdocs\fenchy\trunk\app\cache\prod\classes.php line 5080 [] []
[2013-06-19 13:03:50] request.ERROR: Symfony\Component\HttpKernel\Exception\NotFoundHttpException: No route found for "GET /uploads/images/8/medium/517e2a99c1fc50.jpeg" (uncaught exception) at C:\xampp\htdocs\fenchy\trunk\app\cache\prod\classes.php line 5080 [] []
[2013-06-19 18:24:24] request.ERROR: Symfony\Component\HttpKernel\Exception\NotFoundHttpException: No route found for "GET /uploads/images/8/medium/517e2a99c1fc50.jpeg" (uncaught exception) at C:\xampp\htdocs\fenchy\trunk\app\cache\prod\classes.php line 5080 [] []
[2013-06-19 18:24:24] request.ERROR: Symfony\Component\HttpKernel\Exception\NotFoundHttpException: No route found for "GET /uploads/images/6/medium/517e2a07e37fb0.jpeg" (uncaught exception) at C:\xampp\htdocs\fenchy\trunk\app\cache\prod\classes.php line 5080 [] []
[2013-06-19 19:13:42] request.ERROR: Symfony\Component\HttpKernel\Exception\NotFoundHttpException: No route found for "GET /uploads/images/6/medium/517e2a07e37fb0.jpeg" (uncaught exception) at C:\xampp\htdocs\fenchy\trunk\app\cache\prod\classes.php line 5080 [] []
[2013-06-19 19:13:42] request.ERROR: Symfony\Component\HttpKernel\Exception\NotFoundHttpException: No route found for "GET /uploads/images/5/medium/517e29877a76e0.jpeg" (uncaught exception) at C:\xampp\htdocs\fenchy\trunk\app\cache\prod\classes.php line 5080 [] []
[2013-06-19 19:13:42] request.ERROR: Symfony\Component\HttpKernel\Exception\NotFoundHttpException: No route found for "GET /uploads/images/8/medium/517e2a99c1fc50.jpeg" (uncaught exception) at C:\xampp\htdocs\fenchy\trunk\app\cache\prod\classes.php line 5080 [] []
[2013-06-19 19:13:42] request.ERROR: Symfony\Component\HttpKernel\Exception\NotFoundHttpException: No route found for "GET /uploads/images/7/medium/517e2a554f6460.jpeg" (uncaught exception) at C:\xampp\htdocs\fenchy\trunk\app\cache\prod\classes.php line 5080 [] []
[2013-06-19 19:13:58] request.ERROR: Symfony\Component\HttpKernel\Exception\NotFoundHttpException: No route found for "GET /uploads/images/8/medium/517e2a99c1fc50.jpeg" (uncaught exception) at C:\xampp\htdocs\fenchy\trunk\app\cache\prod\classes.php line 5080 [] []
[2013-06-19 19:13:58] request.ERROR: Symfony\Component\HttpKernel\Exception\NotFoundHttpException: No route found for "GET /uploads/images/7/medium/517e2a554f6460.jpeg" (uncaught exception) at C:\xampp\htdocs\fenchy\trunk\app\cache\prod\classes.php line 5080 [] []
[2013-06-19 19:13:58] request.ERROR: Symfony\Component\HttpKernel\Exception\NotFoundHttpException: No route found for "GET /uploads/images/6/medium/517e2a07e37fb0.jpeg" (uncaught exception) at C:\xampp\htdocs\fenchy\trunk\app\cache\prod\classes.php line 5080 [] []
[2013-06-19 19:13:58] request.ERROR: Symfony\Component\HttpKernel\Exception\NotFoundHttpException: No route found for "GET /uploads/images/5/medium/517e29877a76e0.jpeg" (uncaught exception) at C:\xampp\htdocs\fenchy\trunk\app\cache\prod\classes.php line 5080 [] []
[2013-06-19 19:14:03] request.ERROR: Symfony\Component\HttpKernel\Exception\NotFoundHttpException: No route found for "GET /uploads/images/5/medium/517e29877a76e0.jpeg" (uncaught exception) at C:\xampp\htdocs\fenchy\trunk\app\cache\prod\classes.php line 5080 [] []
[2013-06-19 19:14:03] request.ERROR: Symfony\Component\HttpKernel\Exception\NotFoundHttpException: No route found for "GET /uploads/images/6/medium/517e2a07e37fb0.jpeg" (uncaught exception) at C:\xampp\htdocs\fenchy\trunk\app\cache\prod\classes.php line 5080 [] []
[2013-06-19 19:14:04] request.ERROR: Symfony\Component\HttpKernel\Exception\NotFoundHttpException: No route found for "GET /uploads/images/7/medium/517e2a554f6460.jpeg" (uncaught exception) at C:\xampp\htdocs\fenchy\trunk\app\cache\prod\classes.php line 5080 [] []
[2013-06-19 19:14:05] request.ERROR: Symfony\Component\HttpKernel\Exception\NotFoundHttpException: No route found for "GET /uploads/images/8/medium/517e2a99c1fc50.jpeg" (uncaught exception) at C:\xampp\htdocs\fenchy\trunk\app\cache\prod\classes.php line 5080 [] []
[2013-06-19 19:14:06] request.ERROR: Symfony\Component\HttpKernel\Exception\NotFoundHttpException: No route found for "GET /uploads/images/7/medium/517e2a554f6460.jpeg" (uncaught exception) at C:\xampp\htdocs\fenchy\trunk\app\cache\prod\classes.php line 5080 [] []
[2013-06-19 19:14:11] request.ERROR: Symfony\Component\HttpKernel\Exception\NotFoundHttpException: No route found for "GET /uploads/images/6/medium/517e2a07e37fb0.jpeg" (uncaught exception) at C:\xampp\htdocs\fenchy\trunk\app\cache\prod\classes.php line 5080 [] []
[2013-06-19 19:14:11] request.ERROR: Symfony\Component\HttpKernel\Exception\NotFoundHttpException: No route found for "GET /uploads/images/5/medium/517e29877a76e0.jpeg" (uncaught exception) at C:\xampp\htdocs\fenchy\trunk\app\cache\prod\classes.php line 5080 [] []
[2013-06-19 19:14:11] request.ERROR: Symfony\Component\HttpKernel\Exception\NotFoundHttpException: No route found for "GET /uploads/images/7/medium/517e2a554f6460.jpeg" (uncaught exception) at C:\xampp\htdocs\fenchy\trunk\app\cache\prod\classes.php line 5080 [] []
[2013-06-19 19:14:18] request.ERROR: Symfony\Component\HttpKernel\Exception\NotFoundHttpException: No route found for "GET /uploads/images/8/medium/517e2a99c1fc50.jpeg" (uncaught exception) at C:\xampp\htdocs\fenchy\trunk\app\cache\prod\classes.php line 5080 [] []
[2013-06-19 19:14:19] request.ERROR: Symfony\Component\HttpKernel\Exception\NotFoundHttpException: No route found for "GET /uploads/images/7/medium/517e2a554f6460.jpeg" (uncaught exception) at C:\xampp\htdocs\fenchy\trunk\app\cache\prod\classes.php line 5080 [] []
[2013-06-19 19:14:19] request.ERROR: Symfony\Component\HttpKernel\Exception\NotFoundHttpException: No route found for "GET /uploads/images/6/medium/517e2a07e37fb0.jpeg" (uncaught exception) at C:\xampp\htdocs\fenchy\trunk\app\cache\prod\classes.php line 5080 [] []
[2013-06-19 19:14:20] request.ERROR: Symfony\Component\HttpKernel\Exception\NotFoundHttpException: No route found for "GET /uploads/images/5/medium/517e29877a76e0.jpeg" (uncaught exception) at C:\xampp\htdocs\fenchy\trunk\app\cache\prod\classes.php line 5080 [] []
[2013-06-19 19:14:25] request.ERROR: Symfony\Component\HttpKernel\Exception\NotFoundHttpException: No route found for "GET /uploads/images/8/medium/517e2a99c1fc50.jpeg" (uncaught exception) at C:\xampp\htdocs\fenchy\trunk\app\cache\prod\classes.php line 5080 [] []
[2013-06-19 19:14:25] request.ERROR: Symfony\Component\HttpKernel\Exception\NotFoundHttpException: No route found for "GET /uploads/images/7/medium/517e2a554f6460.jpeg" (uncaught exception) at C:\xampp\htdocs\fenchy\trunk\app\cache\prod\classes.php line 5080 [] []
[2013-06-19 19:14:26] request.ERROR: Symfony\Component\HttpKernel\Exception\NotFoundHttpException: No route found for "GET /uploads/images/5/medium/517e29877a76e0.jpeg" (uncaught exception) at C:\xampp\htdocs\fenchy\trunk\app\cache\prod\classes.php line 5080 [] []
[2013-06-19 19:15:01] request.ERROR: Symfony\Component\HttpKernel\Exception\NotFoundHttpException: No route found for "GET /uploads/images/8/medium/517e2a99c1fc50.jpeg" (uncaught exception) at C:\xampp\htdocs\fenchy\trunk\app\cache\prod\classes.php line 5080 [] []
[2013-06-19 19:15:01] request.ERROR: Symfony\Component\HttpKernel\Exception\NotFoundHttpException: No route found for "GET /uploads/images/7/medium/517e2a554f6460.jpeg" (uncaught exception) at C:\xampp\htdocs\fenchy\trunk\app\cache\prod\classes.php line 5080 [] []
[2013-06-19 19:15:02] request.ERROR: Symfony\Component\HttpKernel\Exception\NotFoundHttpException: No route found for "GET /uploads/images/6/medium/517e2a07e37fb0.jpeg" (uncaught exception) at C:\xampp\htdocs\fenchy\trunk\app\cache\prod\classes.php line 5080 [] []
[2013-06-19 19:15:04] request.ERROR: Symfony\Component\HttpKernel\Exception\NotFoundHttpException: No route found for "GET /uploads/images/5/medium/517e29877a76e0.jpeg" (uncaught exception) at C:\xampp\htdocs\fenchy\trunk\app\cache\prod\classes.php line 5080 [] []
[2013-06-19 19:15:29] request.ERROR: Symfony\Component\HttpKernel\Exception\NotFoundHttpException: No route found for "GET /uploads/images/8/medium/517e2a99c1fc50.jpeg" (uncaught exception) at C:\xampp\htdocs\fenchy\trunk\app\cache\prod\classes.php line 5080 [] []
[2013-06-19 19:15:29] request.ERROR: Symfony\Component\HttpKernel\Exception\NotFoundHttpException: No route found for "GET /uploads/images/7/medium/517e2a554f6460.jpeg" (uncaught exception) at C:\xampp\htdocs\fenchy\trunk\app\cache\prod\classes.php line 5080 [] []
[2013-06-19 19:15:29] request.ERROR: Symfony\Component\HttpKernel\Exception\NotFoundHttpException: No route found for "GET /uploads/images/6/medium/517e2a07e37fb0.jpeg" (uncaught exception) at C:\xampp\htdocs\fenchy\trunk\app\cache\prod\classes.php line 5080 [] []
[2013-06-19 19:15:30] request.ERROR: Symfony\Component\HttpKernel\Exception\NotFoundHttpException: No route found for "GET /uploads/images/5/medium/517e29877a76e0.jpeg" (uncaught exception) at C:\xampp\htdocs\fenchy\trunk\app\cache\prod\classes.php line 5080 [] []
[2013-06-19 19:15:32] request.ERROR: Symfony\Component\HttpKernel\Exception\NotFoundHttpException: No route found for "GET /uploads/images/8/medium/517e2a99c1fc50.jpeg" (uncaught exception) at C:\xampp\htdocs\fenchy\trunk\app\cache\prod\classes.php line 5080 [] []
[2013-06-19 19:15:32] request.ERROR: Symfony\Component\HttpKernel\Exception\NotFoundHttpException: No route found for "GET /uploads/images/7/medium/517e2a554f6460.jpeg" (uncaught exception) at C:\xampp\htdocs\fenchy\trunk\app\cache\prod\classes.php line 5080 [] []
[2013-06-19 19:15:32] request.ERROR: Symfony\Component\HttpKernel\Exception\NotFoundHttpException: No route found for "GET /uploads/images/5/medium/517e29877a76e0.jpeg" (uncaught exception) at C:\xampp\htdocs\fenchy\trunk\app\cache\prod\classes.php line 5080 [] []
[2013-06-19 19:15:33] request.ERROR: Symfony\Component\HttpKernel\Exception\NotFoundHttpException: No route found for "GET /uploads/images/6/medium/517e2a07e37fb0.jpeg" (uncaught exception) at C:\xampp\htdocs\fenchy\trunk\app\cache\prod\classes.php line 5080 [] []
[2013-06-19 19:15:45] request.ERROR: Symfony\Component\HttpKernel\Exception\NotFoundHttpException: No route found for "GET /uploads/images/7/medium/517e2a554f6460.jpeg" (uncaught exception) at C:\xampp\htdocs\fenchy\trunk\app\cache\prod\classes.php line 5080 [] []
[2013-06-19 19:15:45] request.ERROR: Symfony\Component\HttpKernel\Exception\NotFoundHttpException: No route found for "GET /uploads/images/8/medium/517e2a99c1fc50.jpeg" (uncaught exception) at C:\xampp\htdocs\fenchy\trunk\app\cache\prod\classes.php line 5080 [] []
[2013-06-19 19:15:46] request.ERROR: Symfony\Component\HttpKernel\Exception\NotFoundHttpException: No route found for "GET /uploads/images/6/medium/517e2a07e37fb0.jpeg" (uncaught exception) at C:\xampp\htdocs\fenchy\trunk\app\cache\prod\classes.php line 5080 [] []
[2013-06-19 19:15:46] request.ERROR: Symfony\Component\HttpKernel\Exception\NotFoundHttpException: No route found for "GET /uploads/images/5/medium/517e29877a76e0.jpeg" (uncaught exception) at C:\xampp\htdocs\fenchy\trunk\app\cache\prod\classes.php line 5080 [] []
[2013-06-20 09:51:21] request.ERROR: Symfony\Component\HttpKernel\Exception\NotFoundHttpException: No route found for "GET /uploads/images/7/medium/517e2a554f6460.jpeg" (uncaught exception) at C:\xampp\htdocs\fenchy\trunk\app\cache\prod\classes.php line 5080 [] []
[2013-06-20 09:51:21] request.ERROR: Symfony\Component\HttpKernel\Exception\NotFoundHttpException: No route found for "GET /uploads/images/5/medium/517e29877a76e0.jpeg" (uncaught exception) at C:\xampp\htdocs\fenchy\trunk\app\cache\prod\classes.php line 5080 [] []
[2013-06-20 09:51:46] request.ERROR: Symfony\Component\HttpKernel\Exception\NotFoundHttpException: No route found for "GET /uploads/images/7/medium/517e2a554f6460.jpeg" (uncaught exception) at C:\xampp\htdocs\fenchy\trunk\app\cache\prod\classes.php line 5080 [] []
[2013-06-20 09:51:46] request.ERROR: Symfony\Component\HttpKernel\Exception\NotFoundHttpException: No route found for "GET /uploads/images/8/medium/517e2a99c1fc50.jpeg" (uncaught exception) at C:\xampp\htdocs\fenchy\trunk\app\cache\prod\classes.php line 5080 [] []
[2013-06-20 09:51:46] request.ERROR: Symfony\Component\HttpKernel\Exception\NotFoundHttpException: No route found for "GET /uploads/images/6/medium/517e2a07e37fb0.jpeg" (uncaught exception) at C:\xampp\htdocs\fenchy\trunk\app\cache\prod\classes.php line 5080 [] []
[2013-06-20 09:51:47] request.ERROR: Symfony\Component\HttpKernel\Exception\NotFoundHttpException: No route found for "GET /uploads/images/5/medium/517e29877a76e0.jpeg" (uncaught exception) at C:\xampp\htdocs\fenchy\trunk\app\cache\prod\classes.php line 5080 [] []
[2013-06-20 10:04:41] request.ERROR: Symfony\Component\HttpKernel\Exception\NotFoundHttpException: No route found for "GET /uploads/images/8/medium/517e2a99c1fc50.jpeg" (uncaught exception) at C:\xampp\htdocs\fenchy\trunk\app\cache\prod\classes.php line 5080 [] []
[2013-06-20 10:04:41] request.ERROR: Symfony\Component\HttpKernel\Exception\NotFoundHttpException: No route found for "GET /uploads/images/7/medium/517e2a554f6460.jpeg" (uncaught exception) at C:\xampp\htdocs\fenchy\trunk\app\cache\prod\classes.php line 5080 [] []
[2013-06-20 10:04:41] request.ERROR: Symfony\Component\HttpKernel\Exception\NotFoundHttpException: No route found for "GET /uploads/images/5/medium/517e29877a76e0.jpeg" (uncaught exception) at C:\xampp\htdocs\fenchy\trunk\app\cache\prod\classes.php line 5080 [] []
[2013-06-20 10:04:41] request.ERROR: Symfony\Component\HttpKernel\Exception\NotFoundHttpException: No route found for "GET /uploads/images/6/medium/517e2a07e37fb0.jpeg" (uncaught exception) at C:\xampp\htdocs\fenchy\trunk\app\cache\prod\classes.php line 5080 [] []
[2013-06-20 10:04:47] request.ERROR: Symfony\Component\HttpKernel\Exception\NotFoundHttpException: No route found for "GET /uploads/images/5/medium/517e29877a76e0.jpeg" (uncaught exception) at C:\xampp\htdocs\fenchy\trunk\app\cache\prod\classes.php line 5080 [] []
[2013-06-20 10:04:47] request.ERROR: Symfony\Component\HttpKernel\Exception\NotFoundHttpException: No route found for "GET /uploads/images/6/medium/517e2a07e37fb0.jpeg" (uncaught exception) at C:\xampp\htdocs\fenchy\trunk\app\cache\prod\classes.php line 5080 [] []
[2013-06-20 10:04:47] request.ERROR: Symfony\Component\HttpKernel\Exception\NotFoundHttpException: No route found for "GET /uploads/images/7/medium/517e2a554f6460.jpeg" (uncaught exception) at C:\xampp\htdocs\fenchy\trunk\app\cache\prod\classes.php line 5080 [] []
[2013-06-20 11:16:16] request.ERROR: Symfony\Component\HttpKernel\Exception\NotFoundHttpException: No route found for "GET /uploads/images/6/medium/517e2a07e37fb0.jpeg" (uncaught exception) at C:\xampp\htdocs\fenchy\trunk\app\cache\prod\classes.php line 5080 [] []
[2013-06-20 11:16:16] request.ERROR: Symfony\Component\HttpKernel\Exception\NotFoundHttpException: No route found for "GET /uploads/images/7/medium/517e2a554f6460.jpeg" (uncaught exception) at C:\xampp\htdocs\fenchy\trunk\app\cache\prod\classes.php line 5080 [] []
[2013-06-20 11:16:16] request.ERROR: Symfony\Component\HttpKernel\Exception\NotFoundHttpException: No route found for "GET /uploads/images/5/medium/517e29877a76e0.jpeg" (uncaught exception) at C:\xampp\htdocs\fenchy\trunk\app\cache\prod\classes.php line 5080 [] []
[2013-06-20 11:16:16] request.ERROR: Symfony\Component\HttpKernel\Exception\NotFoundHttpException: No route found for "GET /uploads/images/8/medium/517e2a99c1fc50.jpeg" (uncaught exception) at C:\xampp\htdocs\fenchy\trunk\app\cache\prod\classes.php line 5080 [] []
[2013-06-20 13:33:02] request.ERROR: Symfony\Component\HttpKernel\Exception\NotFoundHttpException: No route found for "GET /uploads/images/8/medium/517e2a99c1fc50.jpeg" (uncaught exception) at C:\xampp\htdocs\fenchy\trunk\app\cache\prod\classes.php line 5080 [] []
[2013-06-20 13:33:02] request.ERROR: Symfony\Component\HttpKernel\Exception\NotFoundHttpException: No route found for "GET /uploads/images/7/medium/517e2a554f6460.jpeg" (uncaught exception) at C:\xampp\htdocs\fenchy\trunk\app\cache\prod\classes.php line 5080 [] []
[2013-06-20 13:33:02] request.ERROR: Symfony\Component\HttpKernel\Exception\NotFoundHttpException: No route found for "GET /uploads/images/5/medium/517e29877a76e0.jpeg" (uncaught exception) at C:\xampp\htdocs\fenchy\trunk\app\cache\prod\classes.php line 5080 [] []
[2013-06-20 13:33:03] request.ERROR: Symfony\Component\HttpKernel\Exception\NotFoundHttpException: No route found for "GET /uploads/images/6/medium/517e2a07e37fb0.jpeg" (uncaught exception) at C:\xampp\htdocs\fenchy\trunk\app\cache\prod\classes.php line 5080 [] []
[2013-06-20 15:31:38] request.ERROR: Symfony\Component\HttpKernel\Exception\NotFoundHttpException: No route found for "GET /uploads/images/6/medium/517e2a07e37fb0.jpeg" (uncaught exception) at C:\xampp\htdocs\fenchy\trunk\app\cache\prod\classes.php line 5080 [] []
[2013-06-20 15:31:38] request.ERROR: Symfony\Component\HttpKernel\Exception\NotFoundHttpException: No route found for "GET /uploads/images/8/medium/517e2a99c1fc50.jpeg" (uncaught exception) at C:\xampp\htdocs\fenchy\trunk\app\cache\prod\classes.php line 5080 [] []
[2013-06-20 15:31:38] request.ERROR: Symfony\Component\HttpKernel\Exception\NotFoundHttpException: No route found for "GET /uploads/images/7/medium/517e2a554f6460.jpeg" (uncaught exception) at C:\xampp\htdocs\fenchy\trunk\app\cache\prod\classes.php line 5080 [] []
[2013-06-20 15:31:38] request.ERROR: Symfony\Component\HttpKernel\Exception\NotFoundHttpException: No route found for "GET /uploads/images/5/medium/517e29877a76e0.jpeg" (uncaught exception) at C:\xampp\htdocs\fenchy\trunk\app\cache\prod\classes.php line 5080 [] []
[2013-06-20 15:45:31] request.ERROR: Symfony\Component\HttpKernel\Exception\NotFoundHttpException: No route found for "GET /uploads/images/7/medium/517e2a554f6460.jpeg" (uncaught exception) at C:\xampp\htdocs\fenchy\trunk\app\cache\prod\classes.php line 5080 [] []
[2013-06-20 15:45:31] request.ERROR: Symfony\Component\HttpKernel\Exception\NotFoundHttpException: No route found for "GET /uploads/images/6/medium/517e2a07e37fb0.jpeg" (uncaught exception) at C:\xampp\htdocs\fenchy\trunk\app\cache\prod\classes.php line 5080 [] []
[2013-06-20 15:45:32] request.ERROR: Symfony\Component\HttpKernel\Exception\NotFoundHttpException: No route found for "GET /uploads/images/8/medium/517e2a99c1fc50.jpeg" (uncaught exception) at C:\xampp\htdocs\fenchy\trunk\app\cache\prod\classes.php line 5080 [] []
[2013-06-20 15:45:32] request.ERROR: Symfony\Component\HttpKernel\Exception\NotFoundHttpException: No route found for "GET /uploads/images/5/medium/517e29877a76e0.jpeg" (uncaught exception) at C:\xampp\htdocs\fenchy\trunk\app\cache\prod\classes.php line 5080 [] []
[2013-06-20 15:45:43] request.ERROR: Symfony\Component\HttpKernel\Exception\NotFoundHttpException: No route found for "GET /uploads/images/7/medium/517e2a554f6460.jpeg" (uncaught exception) at C:\xampp\htdocs\fenchy\trunk\app\cache\prod\classes.php line 5080 [] []
[2013-06-20 15:45:43] request.ERROR: Symfony\Component\HttpKernel\Exception\NotFoundHttpException: No route found for "GET /uploads/images/6/medium/517e2a07e37fb0.jpeg" (uncaught exception) at C:\xampp\htdocs\fenchy\trunk\app\cache\prod\classes.php line 5080 [] []
[2013-06-20 15:45:43] request.ERROR: Symfony\Component\HttpKernel\Exception\NotFoundHttpException: No route found for "GET /uploads/images/8/medium/517e2a99c1fc50.jpeg" (uncaught exception) at C:\xampp\htdocs\fenchy\trunk\app\cache\prod\classes.php line 5080 [] []
[2013-06-20 15:45:44] request.ERROR: Symfony\Component\HttpKernel\Exception\NotFoundHttpException: No route found for "GET /uploads/images/5/medium/517e29877a76e0.jpeg" (uncaught exception) at C:\xampp\htdocs\fenchy\trunk\app\cache\prod\classes.php line 5080 [] []
[2013-06-20 15:46:07] request.ERROR: Symfony\Component\HttpKernel\Exception\NotFoundHttpException: No route found for "GET /js/i18n/jquery.ui.datepicker-en.js" (uncaught exception) at C:\xampp\htdocs\fenchy\trunk\app\cache\prod\classes.php line 5080 [] []
[2013-06-20 15:46:08] request.ERROR: Symfony\Component\HttpKernel\Exception\NotFoundHttpException: No route found for "GET /uploads/images/5/medium/517e29877a76e0.jpeg" (uncaught exception) at C:\xampp\htdocs\fenchy\trunk\app\cache\prod\classes.php line 5080 [] []
[2013-06-20 15:46:09] request.ERROR: Symfony\Component\HttpKernel\Exception\NotFoundHttpException: No route found for "GET /uploads/images/8/medium/517e2a99c1fc50.jpeg" (uncaught exception) at C:\xampp\htdocs\fenchy\trunk\app\cache\prod\classes.php line 5080 [] []
[2013-06-20 15:46:09] request.ERROR: Symfony\Component\HttpKernel\Exception\NotFoundHttpException: No route found for "GET /uploads/images/6/medium/517e2a07e37fb0.jpeg" (uncaught exception) at C:\xampp\htdocs\fenchy\trunk\app\cache\prod\classes.php line 5080 [] []
[2013-06-20 15:46:09] request.ERROR: Symfony\Component\HttpKernel\Exception\NotFoundHttpException: No route found for "GET /uploads/images/7/medium/517e2a554f6460.jpeg" (uncaught exception) at C:\xampp\htdocs\fenchy\trunk\app\cache\prod\classes.php line 5080 [] []
[2013-06-20 15:46:12] request.ERROR: Symfony\Component\HttpKernel\Exception\NotFoundHttpException: No route found for "GET /js/i18n/jquery.ui.datepicker-en.js" (uncaught exception) at C:\xampp\htdocs\fenchy\trunk\app\cache\prod\classes.php line 5080 [] []
[2013-06-20 15:46:33] request.ERROR: Symfony\Component\HttpKernel\Exception\NotFoundHttpException: No route found for "GET /js/i18n/jquery.ui.datepicker-en.js" (uncaught exception) at C:\xampp\htdocs\fenchy\trunk\app\cache\prod\classes.php line 5080 [] []
[2013-06-20 15:47:12] request.INFO: Matched route "fenchy_regular_user_notice_create2" (parameters: "_controller": "Fenchy\RegularUserBundle\Controller\ListingController::create2Action", "direction": "null", "typename": "events", "_route": "fenchy_regular_user_notice_create2") [] []
[2013-06-20 15:47:13] security.DEBUG: Read SecurityContext from the session [] []
[2013-06-20 15:47:13] security.DEBUG: Reloading user from user provider. [] []
[2013-06-20 15:47:13] security.DEBUG: Username "vsiems" was reloaded from user provider. [] []
[2013-06-20 15:47:14] app.ERROR: Failed to get user ID [] []
[2013-06-20 15:47:14] security.DEBUG: Write SecurityContext in the session [] []
[2013-06-20 15:47:16] request.ERROR: Symfony\Component\HttpKernel\Exception\NotFoundHttpException: No route found for "GET /js/i18n/jquery.ui.datepicker-en.js" (uncaught exception) at C:\xampp\htdocs\fenchy\trunk\app\cache\prod\classes.php line 5080 [] []
[2013-06-20 15:47:18] request.ERROR: Symfony\Component\HttpKernel\Exception\NotFoundHttpException: No route found for "GET /uploads/images/18/originals/51c307c2199e20.jpeg" (uncaught exception) at C:\xampp\htdocs\fenchy\trunk\app\cache\prod\classes.php line 5080 [] []
[2013-06-20 15:47:18] request.ERROR: Symfony\Component\HttpKernel\Exception\NotFoundHttpException: No route found for "GET /uploads/images/18/thumbnail/51c307c2199e20.jpeg" (uncaught exception) at C:\xampp\htdocs\fenchy\trunk\app\cache\prod\classes.php line 5080 [] []
[2013-06-20 15:47:36] request.ERROR: Symfony\Component\HttpKernel\Exception\NotFoundHttpException: No route found for "GET /js/i18n/jquery.ui.datepicker-en.js" (uncaught exception) at C:\xampp\htdocs\fenchy\trunk\app\cache\prod\classes.php line 5080 [] []
[2013-06-20 15:47:39] request.ERROR: Symfony\Component\HttpKernel\Exception\NotFoundHttpException: No route found for "GET /uploads/images/8/medium/517e2a99c1fc50.jpeg" (uncaught exception) at C:\xampp\htdocs\fenchy\trunk\app\cache\prod\classes.php line 5080 [] []
[2013-06-20 15:47:39] request.ERROR: Symfony\Component\HttpKernel\Exception\NotFoundHttpException: No route found for "GET /uploads/images/18/medium/51c307c2199e20.jpeg" (uncaught exception) at C:\xampp\htdocs\fenchy\trunk\app\cache\prod\classes.php line 5080 [] []
[2013-06-20 15:47:39] request.ERROR: Symfony\Component\HttpKernel\Exception\NotFoundHttpException: No route found for "GET /uploads/images/7/medium/517e2a554f6460.jpeg" (uncaught exception) at C:\xampp\htdocs\fenchy\trunk\app\cache\prod\classes.php line 5080 [] []
[2013-06-20 15:47:40] request.ERROR: Symfony\Component\HttpKernel\Exception\NotFoundHttpException: No route found for "GET /uploads/images/5/medium/517e29877a76e0.jpeg" (uncaught exception) at C:\xampp\htdocs\fenchy\trunk\app\cache\prod\classes.php line 5080 [] []
[2013-06-20 15:47:40] request.ERROR: Symfony\Component\HttpKernel\Exception\NotFoundHttpException: No route found for "GET /uploads/images/6/medium/517e2a07e37fb0.jpeg" (uncaught exception) at C:\xampp\htdocs\fenchy\trunk\app\cache\prod\classes.php line 5080 [] []
[2013-06-20 15:47:51] request.ERROR: Symfony\Component\HttpKernel\Exception\NotFoundHttpException: No route found for "GET /uploads/images/8/medium/517e2a99c1fc50.jpeg" (uncaught exception) at C:\xampp\htdocs\fenchy\trunk\app\cache\prod\classes.php line 5080 [] []
[2013-06-20 15:47:52] request.ERROR: Symfony\Component\HttpKernel\Exception\NotFoundHttpException: No route found for "GET /uploads/images/18/medium/51c307c2199e20.jpeg" (uncaught exception) at C:\xampp\htdocs\fenchy\trunk\app\cache\prod\classes.php line 5080 [] []
[2013-06-20 15:47:52] request.ERROR: Symfony\Component\HttpKernel\Exception\NotFoundHttpException: No route found for "GET /uploads/images/7/medium/517e2a554f6460.jpeg" (uncaught exception) at C:\xampp\htdocs\fenchy\trunk\app\cache\prod\classes.php line 5080 [] []
[2013-06-20 15:47:53] request.ERROR: Symfony\Component\HttpKernel\Exception\NotFoundHttpException: No route found for "GET /uploads/images/6/medium/517e2a07e37fb0.jpeg" (uncaught exception) at C:\xampp\htdocs\fenchy\trunk\app\cache\prod\classes.php line 5080 [] []
[2013-06-20 15:47:53] request.ERROR: Symfony\Component\HttpKernel\Exception\NotFoundHttpException: No route found for "GET /uploads/images/5/medium/517e29877a76e0.jpeg" (uncaught exception) at C:\xampp\htdocs\fenchy\trunk\app\cache\prod\classes.php line 5080 [] []
[2013-06-20 15:48:02] request.ERROR: Symfony\Component\HttpKernel\Exception\NotFoundHttpException: No route found for "GET /js/i18n/jquery.ui.datepicker-en.js" (uncaught exception) at C:\xampp\htdocs\fenchy\trunk\app\cache\prod\classes.php line 5080 [] []
[2013-06-20 15:48:03] request.ERROR: Symfony\Component\HttpKernel\Exception\NotFoundHttpException: No route found for "GET /uploads/images/6/medium/517e2a07e37fb0.jpeg" (uncaught exception) at C:\xampp\htdocs\fenchy\trunk\app\cache\prod\classes.php line 5080 [] []
[2013-06-20 15:48:03] request.ERROR: Symfony\Component\HttpKernel\Exception\NotFoundHttpException: No route found for "GET /uploads/images/5/medium/517e29877a76e0.jpeg" (uncaught exception) at C:\xampp\htdocs\fenchy\trunk\app\cache\prod\classes.php line 5080 [] []
[2013-06-20 15:48:03] request.ERROR: Symfony\Component\HttpKernel\Exception\NotFoundHttpException: No route found for "GET /uploads/images/7/medium/517e2a554f6460.jpeg" (uncaught exception) at C:\xampp\htdocs\fenchy\trunk\app\cache\prod\classes.php line 5080 [] []
[2013-06-20 15:48:04] request.ERROR: Symfony\Component\HttpKernel\Exception\NotFoundHttpException: No route found for "GET /uploads/images/8/thumbnail/517e2a99c1fc50.jpeg" (uncaught exception) at C:\xampp\htdocs\fenchy\trunk\app\cache\prod\classes.php line 5080 [] []
[2013-06-20 15:48:29] request.ERROR: Symfony\Component\HttpKernel\Exception\NotFoundHttpException: No route found for "GET /js/i18n/jquery.ui.datepicker-en.js" (uncaught exception) at C:\xampp\htdocs\fenchy\trunk\app\cache\prod\classes.php line 5080 [] []
[2013-06-20 15:48:39] request.ERROR: Symfony\Component\HttpKernel\Exception\NotFoundHttpException: No route found for "GET /js/i18n/jquery.ui.datepicker-en.js" (uncaught exception) at C:\xampp\htdocs\fenchy\trunk\app\cache\prod\classes.php line 5080 [] []
[2013-06-20 15:48:41] request.ERROR: Symfony\Component\HttpKernel\Exception\NotFoundHttpException: No route found for "GET /uploads/images/18/medium/51c307c2199e20.jpeg" (uncaught exception) at C:\xampp\htdocs\fenchy\trunk\app\cache\prod\classes.php line 5080 [] []
[2013-06-20 15:49:24] request.ERROR: Symfony\Component\HttpKernel\Exception\NotFoundHttpException: No route found for "GET /js/i18n/jquery.ui.datepicker-en.js" (uncaught exception) at C:\xampp\htdocs\fenchy\trunk\app\cache\prod\classes.php line 5080 [] []
[2013-06-20 15:49:31] request.ERROR: Symfony\Component\HttpKernel\Exception\NotFoundHttpException: No route found for "GET /js/i18n/jquery.ui.datepicker-en.js" (uncaught exception) at C:\xampp\htdocs\fenchy\trunk\app\cache\prod\classes.php line 5080 [] []
[2013-06-20 15:49:44] request.ERROR: Symfony\Component\HttpKernel\Exception\NotFoundHttpException: No route found for "GET /js/i18n/jquery.ui.datepicker-en.js" (uncaught exception) at C:\xampp\htdocs\fenchy\trunk\app\cache\prod\classes.php line 5080 [] []
[2013-06-20 15:51:58] request.ERROR: Symfony\Component\HttpKernel\Exception\NotFoundHttpException: No route found for "GET /js/i18n/jquery.ui.datepicker-en.js" (uncaught exception) at C:\xampp\htdocs\fenchy\trunk\app\cache\prod\classes.php line 5080 [] []
[2013-06-20 22:49:28] request.ERROR: Symfony\Component\HttpKernel\Exception\NotFoundHttpException: No route found for "GET /js/i18n/jquery.ui.datepicker-en.js" (uncaught exception) at C:\xampp\htdocs\fenchy\trunk\app\cache\prod\classes.php line 5080 [] []
[2013-06-20 22:49:29] request.ERROR: Symfony\Component\HttpKernel\Exception\NotFoundHttpException: No route found for "GET /uploads/images/7/medium/517e2a554f6460.jpeg" (uncaught exception) at C:\xampp\htdocs\fenchy\trunk\app\cache\prod\classes.php line 5080 [] []
[2013-06-20 22:49:29] request.ERROR: Symfony\Component\HttpKernel\Exception\NotFoundHttpException: No route found for "GET /uploads/images/8/medium/517e2a99c1fc50.jpeg" (uncaught exception) at C:\xampp\htdocs\fenchy\trunk\app\cache\prod\classes.php line 5080 [] []
[2013-06-20 22:49:30] request.ERROR: Symfony\Component\HttpKernel\Exception\NotFoundHttpException: No route found for "GET /uploads/images/6/medium/517e2a07e37fb0.jpeg" (uncaught exception) at C:\xampp\htdocs\fenchy\trunk\app\cache\prod\classes.php line 5080 [] []
[2013-06-20 22:49:30] request.ERROR: Symfony\Component\HttpKernel\Exception\NotFoundHttpException: No route found for "GET /uploads/images/5/medium/517e29877a76e0.jpeg" (uncaught exception) at C:\xampp\htdocs\fenchy\trunk\app\cache\prod\classes.php line 5080 [] []
[2013-06-20 22:49:52] request.ERROR: Symfony\Component\HttpKernel\Exception\NotFoundHttpException: No route found for "GET /js/i18n/jquery.ui.datepicker-en.js" (uncaught exception) at C:\xampp\htdocs\fenchy\trunk\app\cache\prod\classes.php line 5080 [] []
[2013-06-20 22:49:56] request.ERROR: Symfony\Component\HttpKernel\Exception\NotFoundHttpException: No route found for "GET /uploads/images/18/medium/51c307c2199e20.jpeg" (uncaught exception) at C:\xampp\htdocs\fenchy\trunk\app\cache\prod\classes.php line 5080 [] []
[2013-06-20 22:49:56] request.ERROR: Symfony\Component\HttpKernel\Exception\NotFoundHttpException: No route found for "GET /uploads/images/8/medium/517e2a99c1fc50.jpeg" (uncaught exception) at C:\xampp\htdocs\fenchy\trunk\app\cache\prod\classes.php line 5080 [] []
[2013-06-20 22:49:56] request.ERROR: Symfony\Component\HttpKernel\Exception\NotFoundHttpException: No route found for "GET /uploads/images/7/medium/517e2a554f6460.jpeg" (uncaught exception) at C:\xampp\htdocs\fenchy\trunk\app\cache\prod\classes.php line 5080 [] []
[2013-06-20 22:49:56] request.ERROR: Symfony\Component\HttpKernel\Exception\NotFoundHttpException: No route found for "GET /uploads/images/6/medium/517e2a07e37fb0.jpeg" (uncaught exception) at C:\xampp\htdocs\fenchy\trunk\app\cache\prod\classes.php line 5080 [] []
[2013-06-20 22:49:57] request.ERROR: Symfony\Component\HttpKernel\Exception\NotFoundHttpException: No route found for "GET /uploads/images/5/medium/517e29877a76e0.jpeg" (uncaught exception) at C:\xampp\htdocs\fenchy\trunk\app\cache\prod\classes.php line 5080 [] []
[2013-06-20 22:50:02] request.ERROR: Symfony\Component\HttpKernel\Exception\NotFoundHttpException: No route found for "GET /js/i18n/jquery.ui.datepicker-en.js" (uncaught exception) at C:\xampp\htdocs\fenchy\trunk\app\cache\prod\classes.php line 5080 [] []
[2013-06-20 22:50:11] request.ERROR: Symfony\Component\HttpKernel\Exception\NotFoundHttpException: No route found for "GET /js/i18n/jquery.ui.datepicker-en.js" (uncaught exception) at C:\xampp\htdocs\fenchy\trunk\app\cache\prod\classes.php line 5080 [] []
[2013-06-21 11:24:45] request.ERROR: Symfony\Component\HttpKernel\Exception\NotFoundHttpException: No route found for "GET /js/i18n/jquery.ui.datepicker-en.js" (uncaught exception) at C:\xampp\htdocs\fenchy\trunk\app\cache\prod\classes.php line 5080 [] []
[2013-06-21 11:24:46] request.ERROR: Symfony\Component\HttpKernel\Exception\NotFoundHttpException: No route found for "GET /uploads/images/6/medium/517e2a07e37fb0.jpeg" (uncaught exception) at C:\xampp\htdocs\fenchy\trunk\app\cache\prod\classes.php line 5080 [] []
[2013-06-21 11:24:48] request.ERROR: Symfony\Component\HttpKernel\Exception\NotFoundHttpException: No route found for "GET /uploads/images/8/medium/517e2a99c1fc50.jpeg" (uncaught exception) at C:\xampp\htdocs\fenchy\trunk\app\cache\prod\classes.php line 5080 [] []
[2013-06-21 11:24:48] request.ERROR: Symfony\Component\HttpKernel\Exception\NotFoundHttpException: No route found for "GET /uploads/images/7/medium/517e2a554f6460.jpeg" (uncaught exception) at C:\xampp\htdocs\fenchy\trunk\app\cache\prod\classes.php line 5080 [] []
[2013-06-21 11:24:48] request.ERROR: Symfony\Component\HttpKernel\Exception\NotFoundHttpException: No route found for "GET /uploads/images/5/medium/517e29877a76e0.jpeg" (uncaught exception) at C:\xampp\htdocs\fenchy\trunk\app\cache\prod\classes.php line 5080 [] []
[2013-06-21 11:25:02] request.ERROR: Symfony\Component\HttpKernel\Exception\NotFoundHttpException: No route found for "GET /js/i18n/jquery.ui.datepicker-en.js" (uncaught exception) at C:\xampp\htdocs\fenchy\trunk\app\cache\prod\classes.php line 5080 [] []
[2013-06-21 11:25:10] request.ERROR: Symfony\Component\HttpKernel\Exception\NotFoundHttpException: No route found for "GET /js/i18n/jquery.ui.datepicker-en.js" (uncaught exception) at C:\xampp\htdocs\fenchy\trunk\app\cache\prod\classes.php line 5080 [] []
[2013-06-21 11:25:14] request.ERROR: Symfony\Component\HttpKernel\Exception\NotFoundHttpException: No route found for "GET /uploads/images/6/medium/517e2a07e37fb0.jpeg" (uncaught exception) at C:\xampp\htdocs\fenchy\trunk\app\cache\prod\classes.php line 5080 [] []
[2013-06-21 11:25:14] request.ERROR: Symfony\Component\HttpKernel\Exception\NotFoundHttpException: No route found for "GET /uploads/images/18/medium/51c307c2199e20.jpeg" (uncaught exception) at C:\xampp\htdocs\fenchy\trunk\app\cache\prod\classes.php line 5080 [] []
[2013-06-21 11:25:14] request.ERROR: Symfony\Component\HttpKernel\Exception\NotFoundHttpException: No route found for "GET /uploads/images/8/medium/517e2a99c1fc50.jpeg" (uncaught exception) at C:\xampp\htdocs\fenchy\trunk\app\cache\prod\classes.php line 5080 [] []
[2013-06-21 11:25:14] request.ERROR: Symfony\Component\HttpKernel\Exception\NotFoundHttpException: No route found for "GET /uploads/images/7/medium/517e2a554f6460.jpeg" (uncaught exception) at C:\xampp\htdocs\fenchy\trunk\app\cache\prod\classes.php line 5080 [] []
[2013-06-21 11:25:15] request.ERROR: Symfony\Component\HttpKernel\Exception\NotFoundHttpException: No route found for "GET /uploads/images/5/medium/517e29877a76e0.jpeg" (uncaught exception) at C:\xampp\htdocs\fenchy\trunk\app\cache\prod\classes.php line 5080 [] []
[2013-06-21 11:25:22] request.ERROR: Symfony\Component\HttpKernel\Exception\NotFoundHttpException: No route found for "GET /js/i18n/jquery.ui.datepicker-en.js" (uncaught exception) at C:\xampp\htdocs\fenchy\trunk\app\cache\prod\classes.php line 5080 [] []
[2013-06-21 11:25:24] request.ERROR: Symfony\Component\HttpKernel\Exception\NotFoundHttpException: No route found for "GET /uploads/images/7/medium/517e2a554f6460.jpeg" (uncaught exception) at C:\xampp\htdocs\fenchy\trunk\app\cache\prod\classes.php line 5080 [] []
[2013-06-21 11:25:24] request.ERROR: Symfony\Component\HttpKernel\Exception\NotFoundHttpException: No route found for "GET /uploads/images/6/medium/517e2a07e37fb0.jpeg" (uncaught exception) at C:\xampp\htdocs\fenchy\trunk\app\cache\prod\classes.php line 5080 [] []
[2013-06-21 11:25:24] request.ERROR: Symfony\Component\HttpKernel\Exception\NotFoundHttpException: No route found for "GET /uploads/images/5/medium/517e29877a76e0.jpeg" (uncaught exception) at C:\xampp\htdocs\fenchy\trunk\app\cache\prod\classes.php line 5080 [] []
[2013-06-21 11:25:24] request.ERROR: Symfony\Component\HttpKernel\Exception\NotFoundHttpException: No route found for "GET /uploads/images/8/medium/517e2a99c1fc50.jpeg" (uncaught exception) at C:\xampp\htdocs\fenchy\trunk\app\cache\prod\classes.php line 5080 [] []
[2013-06-21 14:23:25] request.ERROR: Symfony\Component\HttpKernel\Exception\NotFoundHttpException: No route found for "GET /js/i18n/jquery.ui.datepicker-en.js" (uncaught exception) at C:\xampp\htdocs\fenchy\trunk\app\cache\prod\classes.php line 5080 [] []
[2013-06-21 14:23:27] request.ERROR: Symfony\Component\HttpKernel\Exception\NotFoundHttpException: No route found for "GET /uploads/images/8/medium/517e2a99c1fc50.jpeg" (uncaught exception) at C:\xampp\htdocs\fenchy\trunk\app\cache\prod\classes.php line 5080 [] []
[2013-06-21 14:23:27] request.ERROR: Symfony\Component\HttpKernel\Exception\NotFoundHttpException: No route found for "GET /uploads/images/7/medium/517e2a554f6460.jpeg" (uncaught exception) at C:\xampp\htdocs\fenchy\trunk\app\cache\prod\classes.php line 5080 [] []
[2013-06-21 14:23:28] request.ERROR: Symfony\Component\HttpKernel\Exception\NotFoundHttpException: No route found for "GET /uploads/images/6/medium/517e2a07e37fb0.jpeg" (uncaught exception) at C:\xampp\htdocs\fenchy\trunk\app\cache\prod\classes.php line 5080 [] []
[2013-06-21 14:23:28] request.ERROR: Symfony\Component\HttpKernel\Exception\NotFoundHttpException: No route found for "GET /uploads/images/5/medium/517e29877a76e0.jpeg" (uncaught exception) at C:\xampp\htdocs\fenchy\trunk\app\cache\prod\classes.php line 5080 [] []
[2013-06-21 14:23:40] request.ERROR: Symfony\Component\HttpKernel\Exception\NotFoundHttpException: No route found for "GET /js/i18n/jquery.ui.datepicker-en.js" (uncaught exception) at C:\xampp\htdocs\fenchy\trunk\app\cache\prod\classes.php line 5080 [] []
[2013-06-21 14:23:46] request.ERROR: Symfony\Component\HttpKernel\Exception\NotFoundHttpException: No route found for "GET /uploads/images/8/medium/517e2a99c1fc50.jpeg" (uncaught exception) at C:\xampp\htdocs\fenchy\trunk\app\cache\prod\classes.php line 5080 [] []
[2013-06-21 14:23:46] request.ERROR: Symfony\Component\HttpKernel\Exception\NotFoundHttpException: No route found for "GET /uploads/images/7/medium/517e2a554f6460.jpeg" (uncaught exception) at C:\xampp\htdocs\fenchy\trunk\app\cache\prod\classes.php line 5080 [] []

[2013-06-21 14:23:55] request.ERROR: Symfony\Component\HttpKernel\Exception\NotFoundHttpException: No route found for "GET /js/i18n/jquery.ui.datepicker-en.js" (uncaught exception) at C:\xampp\htdocs\fenchy\trunk\app\cache\prod\classes.php line 5080 [] []
[2013-06-21 14:24:08] request.ERROR: Symfony\Component\HttpKernel\Exception\NotFoundHttpException: No route found for "GET /js/i18n/jquery.ui.datepicker-en.js" (uncaught exception) at C:\xampp\htdocs\fenchy\trunk\app\cache\prod\classes.php line 5080 [] []
[2013-06-21 14:24:34] request.ERROR: Symfony\Component\HttpKernel\Exception\NotFoundHttpException: No route found for "GET /js/i18n/jquery.ui.datepicker-en.js" (uncaught exception) at C:\xampp\htdocs\fenchy\trunk\app\cache\prod\classes.php line 5080 [] []
[2013-06-21 14:25:08] request.ERROR: Symfony\Component\HttpKernel\Exception\NotFoundHttpException: No route found for "GET /js/i18n/jquery.ui.datepicker-en.js" (uncaught exception) at C:\xampp\htdocs\fenchy\trunk\app\cache\prod\classes.php line 5080 [] []
[2013-06-21 14:25:14] request.ERROR: Symfony\Component\HttpKernel\Exception\NotFoundHttpException: No route found for "GET /js/i18n/jquery.ui.datepicker-en.js" (uncaught exception) at C:\xampp\htdocs\fenchy\trunk\app\cache\prod\classes.php line 5080 [] []
[2013-06-21 14:25:25] request.ERROR: Symfony\Component\HttpKernel\Exception\NotFoundHttpException: No route found for "GET /js/i18n/jquery.ui.datepicker-en.js" (uncaught exception) at C:\xampp\htdocs\fenchy\trunk\app\cache\prod\classes.php line 5080 [] []
[2013-06-21 14:25:27] request.ERROR: Symfony\Component\HttpKernel\Exception\NotFoundHttpException: No route found for "GET /uploads/images/18/medium/51c307c2199e20.jpeg" (uncaught exception) at C:\xampp\htdocs\fenchy\trunk\app\cache\prod\classes.php line 5080 [] []
[2013-06-21 14:25:34] request.ERROR: Symfony\Component\HttpKernel\Exception\NotFoundHttpException: No route found for "GET /js/i18n/jquery.ui.datepicker-en.js" (uncaught exception) at C:\xampp\htdocs\fenchy\trunk\app\cache\prod\classes.php line 5080 [] []
[2013-06-21 14:57:39] request.ERROR: Symfony\Component\HttpKernel\Exception\NotFoundHttpException: No route found for "GET /js/i18n/jquery.ui.datepicker-en.js" (uncaught exception) at C:\xampp\htdocs\fenchy\trunk\app\cache\prod\classes.php line 5080 [] []
[2013-06-21 14:57:52] request.ERROR: Symfony\Component\HttpKernel\Exception\NotFoundHttpException: No route found for "GET /js/i18n/jquery.ui.datepicker-en.js" (uncaught exception) at C:\xampp\htdocs\fenchy\trunk\app\cache\prod\classes.php line 5080 [] []
[2013-06-21 15:38:22] request.ERROR: Symfony\Component\HttpKernel\Exception\NotFoundHttpException: No route found for "GET /js/i18n/jquery.ui.datepicker-en.js" (uncaught exception) at C:\xampp\htdocs\fenchy\trunk\app\cache\prod\classes.php line 5080 [] []
[2013-06-21 15:59:34] request.ERROR: Symfony\Component\HttpKernel\Exception\NotFoundHttpException: No route found for "GET /js/i18n/jquery.ui.datepicker-en.js" (uncaught exception) at C:\xampp\htdocs\fenchy\trunk\app\cache\prod\classes.php line 5080 [] []
[2013-06-21 15:59:35] request.ERROR: Symfony\Component\HttpKernel\Exception\NotFoundHttpException: No route found for "GET /uploads/images/18/medium/51c307c2199e20.jpeg" (uncaught exception) at C:\xampp\htdocs\fenchy\trunk\app\cache\prod\classes.php line 5080 [] []
[2013-06-30 14:17:26] request.ERROR: Symfony\Component\HttpKernel\Exception\NotFoundHttpException: No route found for "GET /uploads/images/7/medium/517e2a554f6460.jpeg" (uncaught exception) at C:\xampp\htdocs\fenchy\trunk\app\cache\prod\classes.php line 5080 [] []
[2013-06-30 14:17:26] request.ERROR: Symfony\Component\HttpKernel\Exception\NotFoundHttpException: No route found for "GET /uploads/images/8/medium/517e2a99c1fc50.jpeg" (uncaught exception) at C:\xampp\htdocs\fenchy\trunk\app\cache\prod\classes.php line 5080 [] []
[2013-06-30 14:24:49] request.ERROR: Symfony\Component\HttpKernel\Exception\NotFoundHttpException: No route found for "GET /js/i18n/jquery.ui.datepicker-en.js" (uncaught exception) at C:\xampp\htdocs\fenchy\trunk\app\cache\prod\classes.php line 5080 [] []
[2013-06-30 14:25:37] request.ERROR: Symfony\Component\HttpKernel\Exception\NotFoundHttpException: No route found for "GET /js/i18n/jquery.ui.datepicker-en.js" (uncaught exception) at C:\xampp\htdocs\fenchy\trunk\app\cache\prod\classes.php line 5080 [] []
[2013-06-30 14:25:43] request.ERROR: Symfony\Component\HttpKernel\Exception\NotFoundHttpException: No route found for "GET /js/i18n/jquery.ui.datepicker-en.js" (uncaught exception) at C:\xampp\htdocs\fenchy\trunk\app\cache\prod\classes.php line 5080 [] []
[2013-06-30 14:26:11] request.ERROR: Symfony\Component\HttpKernel\Exception\NotFoundHttpException: No route found for "GET /js/i18n/jquery.ui.datepicker-en.js" (uncaught exception) at C:\xampp\htdocs\fenchy\trunk\app\cache\prod\classes.php line 5080 [] []
[2013-06-30 14:26:38] request.ERROR: Symfony\Component\HttpKernel\Exception\NotFoundHttpException: No route found for "GET /js/i18n/jquery.ui.datepicker-en.js" (uncaught exception) at C:\xampp\htdocs\fenchy\trunk\app\cache\prod\classes.php line 5080 [] []
[2013-06-30 14:26:43] request.ERROR: Symfony\Component\HttpKernel\Exception\NotFoundHttpException: No route found for "GET /js/i18n/jquery.ui.datepicker-en.js" (uncaught exception) at C:\xampp\htdocs\fenchy\trunk\app\cache\prod\classes.php line 5080 [] []
[2013-06-30 14:26:53] request.ERROR: Symfony\Component\HttpKernel\Exception\NotFoundHttpException: No route found for "GET /js/i18n/jquery.ui.datepicker-en.js" (uncaught exception) at C:\xampp\htdocs\fenchy\trunk\app\cache\prod\classes.php line 5080 [] []
[2013-06-30 15:08:48] request.ERROR: Symfony\Component\HttpKernel\Exception\NotFoundHttpException: No route found for "GET /js/i18n/jquery.ui.datepicker-en.js" (uncaught exception) at C:\xampp\htdocs\fenchy\trunk\app\cache\prod\classes.php line 5080 [] []
[2013-06-30 15:45:40] request.ERROR: Symfony\Component\HttpKernel\Exception\NotFoundHttpException: No route found for "GET /js/i18n/jquery.ui.datepicker-en.js" (uncaught exception) at C:\xampp\htdocs\fenchy\trunk\app\cache\prod\classes.php line 5080 [] []
[2013-06-30 15:45:45] request.ERROR: Symfony\Component\HttpKernel\Exception\NotFoundHttpException: No route found for "GET /js/i18n/jquery.ui.datepicker-en.js" (uncaught exception) at C:\xampp\htdocs\fenchy\trunk\app\cache\prod\classes.php line 5080 [] []
[2013-06-30 15:47:08] request.ERROR: Symfony\Component\HttpKernel\Exception\NotFoundHttpException: No route found for "GET /js/i18n/jquery.ui.datepicker-en.js" (uncaught exception) at C:\xampp\htdocs\fenchy\trunk\app\cache\prod\classes.php line 5080 [] []
[2013-07-04 08:34:33] request.ERROR: Symfony\Component\HttpKernel\Exception\NotFoundHttpException: No route found for "GET /uploads/images/7/medium/517e2a554f6460.jpeg" (uncaught exception) at C:\xampp\htdocs\fenchy\trunk\app\cache\prod\classes.php line 5080 [] []
[2013-07-04 08:34:33] request.ERROR: Symfony\Component\HttpKernel\Exception\NotFoundHttpException: No route found for "GET /uploads/images/5/medium/517e29877a76e0.jpeg" (uncaught exception) at C:\xampp\htdocs\fenchy\trunk\app\cache\prod\classes.php line 5080 [] []
[2013-07-04 08:34:33] request.ERROR: Symfony\Component\HttpKernel\Exception\NotFoundHttpException: No route found for "GET /uploads/images/6/medium/517e2a07e37fb0.jpeg" (uncaught exception) at C:\xampp\htdocs\fenchy\trunk\app\cache\prod\classes.php line 5080 [] []
[2013-07-08 12:57:03] request.ERROR: Symfony\Component\HttpKernel\Exception\NotFoundHttpException: No route found for "GET /uploads/images/8/medium/517e2a99c1fc50.jpeg" (uncaught exception) at C:\xampp\htdocs\fenchy\trunk\app\cache\prod\classes.php line 5080 [] []
[2013-07-08 12:57:03] request.ERROR: Symfony\Component\HttpKernel\Exception\NotFoundHttpException: No route found for "GET /uploads/images/6/medium/517e2a07e37fb0.jpeg" (uncaught exception) at C:\xampp\htdocs\fenchy\trunk\app\cache\prod\classes.php line 5080 [] []
[2013-07-08 12:57:21] request.ERROR: Symfony\Component\HttpKernel\Exception\NotFoundHttpException: No route found for "GET /js/i18n/jquery.ui.datepicker-en.js" (uncaught exception) at C:\xampp\htdocs\fenchy\trunk\app\cache\prod\classes.php line 5080 [] []
[2013-07-08 12:57:26] request.ERROR: Symfony\Component\HttpKernel\Exception\NotFoundHttpException: No route found for "GET /uploads/images/18/medium/51c307c2199e20.jpeg" (uncaught exception) at C:\xampp\htdocs\fenchy\trunk\app\cache\prod\classes.php line 5080 [] []
[2013-07-08 12:57:26] request.ERROR: Symfony\Component\HttpKernel\Exception\NotFoundHttpException: No route found for "GET /uploads/images/8/medium/517e2a99c1fc50.jpeg" (uncaught exception) at C:\xampp\htdocs\fenchy\trunk\app\cache\prod\classes.php line 5080 [] []
[2013-07-08 12:57:27] request.ERROR: Symfony\Component\HttpKernel\Exception\NotFoundHttpException: No route found for "GET /uploads/images/6/medium/517e2a07e37fb0.jpeg" (uncaught exception) at C:\xampp\htdocs\fenchy\trunk\app\cache\prod\classes.php line 5080 [] []
[2013-07-08 12:57:27] request.ERROR: Symfony\Component\HttpKernel\Exception\NotFoundHttpException: No route found for "GET /uploads/images/7/medium/517e2a554f6460.jpeg" (uncaught exception) at C:\xampp\htdocs\fenchy\trunk\app\cache\prod\classes.php line 5080 [] []
[2013-07-08 12:57:27] request.ERROR: Symfony\Component\HttpKernel\Exception\NotFoundHttpException: No route found for "GET /uploads/images/5/medium/517e29877a76e0.jpeg" (uncaught exception) at C:\xampp\htdocs\fenchy\trunk\app\cache\prod\classes.php line 5080 [] []
